<?xml version="1.0" encoding="UTF-8"?>
<beans xmlns="http://www.springframework.org/schema/beans"
	xmlns:xsi="http://www.w3.org/2001/XMLSchema-instance"
	xmlns:aop="http://www.springframework.org/schema/aop"
	xmlns:c="http://www.springframework.org/schema/c"
	xmlns:cache="http://www.springframework.org/schema/cache"
	xmlns:context="http://www.springframework.org/schema/context"
	xmlns:jdbc="http://www.springframework.org/schema/jdbc"
	xmlns:jee="http://www.springframework.org/schema/jee"
	xmlns:lang="http://www.springframework.org/schema/lang"
	xmlns:mvc="http://www.springframework.org/schema/mvc"
	xmlns:mybatis-spring="http://mybatis.org/schema/mybatis-spring"
	xmlns:p="http://www.springframework.org/schema/p"
	xmlns:task="http://www.springframework.org/schema/task"
	xmlns:tx="http://www.springframework.org/schema/tx"
	xmlns:util="http://www.springframework.org/schema/util"
	xmlns:websocket="http://www.springframework.org/schema/websocket"
	xsi:schemaLocation="http://www.springframework.org/schema/beans http://www.springframework.org/schema/beans/spring-beans.xsd
		http://www.springframework.org/schema/aop http://www.springframework.org/schema/aop/spring-aop-4.1.xsd
		http://www.springframework.org/schema/cache http://www.springframework.org/schema/cache/spring-cache-4.1.xsd
		http://www.springframework.org/schema/context http://www.springframework.org/schema/context/spring-context-4.1.xsd
		http://www.springframework.org/schema/jdbc http://www.springframework.org/schema/jdbc/spring-jdbc-4.1.xsd
		http://www.springframework.org/schema/jee http://www.springframework.org/schema/jee/spring-jee-4.1.xsd
		http://www.springframework.org/schema/lang http://www.springframework.org/schema/lang/spring-lang-4.1.xsd
		http://www.springframework.org/schema/mvc http://www.springframework.org/schema/mvc/spring-mvc-4.1.xsd
		http://mybatis.org/schema/mybatis-spring http://mybatis.org/schema/mybatis-spring-1.2.xsd
		http://www.springframework.org/schema/task http://www.springframework.org/schema/task/spring-task-4.1.xsd
		http://www.springframework.org/schema/tx http://www.springframework.org/schema/tx/spring-tx-4.1.xsd
		http://www.springframework.org/schema/util http://www.springframework.org/schema/util/spring-util-4.1.xsd
		http://www.springframework.org/schema/websocket http://www.springframework.org/schema/websocket/spring-websocket-4.1.xsd">
	
	<!-- Root Context: defines shared resources visible to all other web components -->
	<!-- 스프링이 관리하는 패키지에 org.zerock.persistence 를 추가한다. -->
    <context:annotation-config/>
    <context:component-scan base-package="com.hifive.history.*"/>
	<!-- 어노테이션에 기반한 트랜잭션 활성화 -->
	<tx:annotation-driven transaction-manager="transactionManager"/>
	<!-- JDBC의 연결을 처리하는 기능을 가진 DataSource -->
    <bean id="dataSource"
       class="org.apache.commons.dbcp.BasicDataSource"
       p:driverClassName="oracle.jdbc.driver.OracleDriver"
       p:url="jdbc:oracle:thin:@myoracledb.c5xvgnaaogg7.ap-northeast-2.rds.amazonaws.com:1521:ORCL"
       p:username="sistsystem"
       p:password="sistsystem"
       p:maxActive="10"
       p:maxIdle="5"
       p:maxWait="-1"
    />
    
	<!-- SqlSessionFactoryBean 생성 -->
	<bean id="sqlSessionFactory" class="org.mybatis.spring.SqlSessionFactoryBean">
 		<!-- mybatis-config.xml 파일이 스프링이 동작할 때 같이 동작하도록 설정한 것. -->
		<property name="configLocation" value="classpath:mybatis-config.xml"></property>
		<property name="dataSource" ref="dataSource"></property>
		<property name="mapperLocations" value="classpath:mappers/**/*.xml"></property>
	</bean>

	<!-- sqlSession 을 SqlSessionTemplate으로 만든다. -->
	<bean id="sqlSession" class="org.mybatis.spring.SqlSessionTemplate" destroy-method="clearCache">
		<constructor-arg index="0" ref="sqlSessionFactory" />
	</bean>
	
	<bean id="transactionManager" 
	class="org.springframework.jdbc.datasource.DataSourceTransactionManager">
	       <property name="dataSource" ref="dataSource"/>
	</bean>
	
	

</beans>
